2025-04-26 07:40:00 | WARN | repo=a4m36jee-2014-management-seminar | action=commit
2025-06-27 20:49:00 | INFO | repo=a4m36jee-2014-management-seminar | action=commit
2025-08-18 21:53:00 | DEBUG | repo=a4m36jee-2014-management-seminar | action=commit
2025-08-10 13:02:00 | WARN | repo=a4m36jee-2014-management-seminar | action=commit
2025-04-14 12:49:00 | INFO | repo=a4m36jee-2014-management-seminar | action=commit
2025-10-23 18:17:00 | DEBUG | repo=a4m36jee-2014-management-seminar | action=commit
2025-04-13 18:03:00 | INFO | repo=a4m36jee-2014-management-seminar | action=commit
2025-04-09 13:39:00 | WARN | repo=a4m36jee-2014-management-seminar | action=commit
2025-10-10 17:09:00 | INFO | repo=a4m36jee-2014-management-seminar | action=commit
2025-07-22 21:21:00 | WARN | repo=a4m36jee-2014-management-seminar | action=test | passed=true
2025-11-17 16:54:00 | INFO | repo=a4m36jee-2014-management-seminar | action=commit
2025-04-04 11:28:00 | INFO | repo=a4m36jee-2014-management-seminar | action=commit
2025-09-14 11:16:00 | WARN | repo=a4m36jee-2014-management-seminar | action=commit
2025-02-28 15:29:00 | DEBUG | repo=a4m36jee-2014-management-seminar | action=commit
2025-11-13 10:25:00 | DEBUG | repo=a4m36jee-2014-management-seminar | action=commit
2025-08-10 18:35:00 | INFO | repo=a4m36jee-2014-management-seminar | action=pull
2025-12-15 12:51:00 | WARN | repo=a4m36jee-2014-management-seminar | action=test | passed=true
2025-12-16 08:26:00 | DEBUG | repo=a4m36jee-2014-management-seminar | action=commit
2025-10-14 07:35:00 | WARN | repo=a4m36jee-2014-management-seminar | action=commit
2025-04-16 13:44:00 | WARN | repo=a4m36jee-2014-management-seminar | action=commit
2025-11-07 13:32:00 | DEBUG | repo=a4m36jee-2014-management-seminar | action=test | passed=true
2025-03-23 11:14:00 | INFO | repo=a4m36jee-2014-management-seminar | action=commit
2025-03-17 14:23:00 | INFO | repo=a4m36jee-2014-management-seminar | action=commit
2025-04-07 19:32:00 | DEBUG | repo=a4m36jee-2014-management-seminar | action=commit
2025-04-02 08:33:00 | INFO | repo=a4m36jee-2014-management-seminar | action=commit
2025-02-04 18:54:00 | DEBUG | repo=a4m36jee-2014-management-seminar | action=commit
2025-07-13 18:13:00 | DEBUG | repo=a4m36jee-2014-management-seminar | action=commit
2025-06-22 13:32:00 | INFO | repo=a4m36jee-2014-management-seminar | action=commit
2025-01-04 07:25:00 | INFO | repo=a4m36jee-2014-management-seminar | action=commit
2025-04-20 16:20:00 | WARN | repo=a4m36jee-2014-management-seminar | action=commit
